<?xml version="1.0" encoding="UTF-8"?>
<!-- Generated by org.testng.reporters.JUnitReportReporter -->
<testsuite hostname="LAPTOP-6590I993" failures="0" tests="1" name="com.assessment01.testsuite.TC004_ContextMenuTest" time="4.465" errors="0" timestamp="2022-12-07T19:02:09 EST" skipped="0">
  <testcase classname="com.assessment01.testsuite.TC004_ContextMenuTest" name="contextMenuTest" time="4.465"/>
  <system-out/>
</testsuite> <!-- com.assessment01.testsuite.TC004_ContextMenuTest -->
