<?xml version="1.0" encoding="UTF-8"?>
<!-- Generated by org.testng.reporters.JUnitReportReporter -->
<testsuite hostname="LAPTOP-6590I993" failures="0" tests="1" name="com.tests.assessment.TC003_CheckboxesTest" time="4.341" errors="0" timestamp="2022-12-07T22:10:52 EST" skipped="0">
  <testcase classname="com.tests.assessment.TC003_CheckboxesTest" name="checkBoxesTest" time="4.341"/>
  <system-out/>
</testsuite> <!-- com.tests.assessment.TC003_CheckboxesTest -->
