<?xml version="1.0" encoding="UTF-8"?>
<!-- Generated by org.testng.reporters.JUnitReportReporter -->
<testsuite hostname="LAPTOP-6590I993" failures="0" tests="1" name="com.assessment01.testsuite.TC0011_FileUploadTest" time="0.407" errors="0" timestamp="2022-12-07T19:02:09 EST" skipped="0">
  <testcase classname="com.assessment01.testsuite.TC0011_FileUploadTest" name="fileUploadTest" time="0.407"/>
  <system-out/>
</testsuite> <!-- com.assessment01.testsuite.TC0011_FileUploadTest -->
