<?xml version="1.0" encoding="UTF-8"?>
<!-- Generated by org.testng.reporters.JUnitReportReporter -->
<testsuite hostname="LAPTOP-6590I993" failures="0" tests="1" name="com.tests.assessment.TC009_DynamicLoadingTest" time="29.082" errors="0" timestamp="2022-12-07T22:08:21 EST" skipped="0">
  <testcase classname="com.tests.assessment.TC009_DynamicLoadingTest" name="dynamicLoadingTest" time="29.082"/>
  <system-out/>
</testsuite> <!-- com.tests.assessment.TC009_DynamicLoadingTest -->
