<?xml version="1.0" encoding="UTF-8"?>
<!-- Generated by org.testng.reporters.JUnitReportReporter -->
<testsuite hostname="LAPTOP-6590I993" failures="0" tests="2" name="com.assessment01.testsuite.TC001_LoginSucessful" time="4.642" errors="0" timestamp="2022-12-02T21:52:47 EST" skipped="0">
  <testcase classname="com.assessment01.testsuite.TC001_LoginSucessful" name="submitLogin" time="2.395"/>
  <system-out/>
  <testcase classname="com.assessment01.testsuite.TC001_LoginSucessful" name="enterLoginDetails" time="2.247"/>
  <system-out/>
</testsuite> <!-- com.assessment01.testsuite.TC001_LoginSucessful -->
