<?xml version="1.0" encoding="UTF-8"?>
<!-- Generated by org.testng.reporters.JUnitReportReporter -->
<testsuite hostname="LAPTOP-6590I993" failures="0" tests="4" name="com.assessment01.testsuite.TC001_Login" time="13.525" errors="0" timestamp="2022-12-07T19:02:09 EST" skipped="0">
  <testcase classname="com.assessment01.testsuite.TC001_Login" name="enterLoginDetails" time="2.327"/>
  <system-out/>
  <testcase classname="com.assessment01.testsuite.TC001_Login" name="submitValidLogin" time="5.513"/>
  <system-out/>
  <testcase classname="com.assessment01.testsuite.TC001_Login" name="enterinvalidLoginDetails" time="2.313"/>
  <system-out/>
  <testcase classname="com.assessment01.testsuite.TC001_Login" name="submitinvalidLogin" time="3.372"/>
  <system-out/>
</testsuite> <!-- com.assessment01.testsuite.TC001_Login -->
