<?xml version="1.0" encoding="UTF-8"?>
<!-- Generated by org.testng.reporters.JUnitReportReporter -->
<testsuite hostname="LAPTOP-6590I993" failures="0" tests="2" name="com.assessment01.testsuite.TC002_InvalidLoginTest" time="4.555" errors="0" timestamp="2022-12-07T18:36:53 EST" skipped="0">
  <testcase classname="com.assessment01.testsuite.TC002_InvalidLoginTest" name="enterLoginDetails" time="2.342"/>
  <system-out/>
  <testcase classname="com.assessment01.testsuite.TC002_InvalidLoginTest" name="submitLogin" time="2.213"/>
  <system-out/>
</testsuite> <!-- com.assessment01.testsuite.TC002_InvalidLoginTest -->
